<?xml version="1.0" encoding="UTF-8"?>
<!-- Generated by org.testng.reporters.JUnitReportReporter -->
<testsuite hostname="DESKTOP-INQE4BG" failures="0" tests="1" name="Test.LoginPageTest" time="0.680" errors="0" timestamp="2024-07-07T13:30:03 IST" skipped="0">
  <testcase classname="Test.LoginPageTest" name="validateLogin" time="0.680"/>
</testsuite> <!-- Test.LoginPageTest -->
